mode time Mu[1,1] Mu[2,1] Mu[3,1] rho[1] PI[1,1,1] PI[2,1,1] PI[3,1,1] alpha[1,1] alpha[2,1] alpha[3,1] lambda[1] lambda[2] lambda[3] theta[1] loglikelihood
EM 0.3252 0.3153 0.3595 0.168 0 0 0 1 1 1 0 0 0 0.004435 -67701.4466
EM 0.3195 0.2992 0.3812 0.1513 0 0 0 1 1 1 0 0 0 0.004702 -67345.7314
EM 0.316 0.2855 0.3985 0.1394 0 0 0 1 1 1 0 0 0 0.004905 -67151.2156
EM 0.3144 0.274 0.4115 0.1312 0 0 0 1 1 1 0 0 0 0.005072 -67052.3109
EM 0.3142 0.2648 0.421 0.1258 0 0 0 1 1 1 0 0 0 0.005206 -67004.4391
EM 0.3149 0.2575 0.4277 0.1222 0 0 0 1 1 1 0 0 0 0.005309 -66981.8245
EM 0.3161 0.2517 0.4323 0.1199 0 0 0 1 1 1 0 0 0 0.005384 -66971.1453
EM 0.3175 0.2471 0.4355 0.1184 0 0 0 1 1 1 0 0 0 0.005437 -66965.9916
EM 0.319 0.2434 0.4376 0.1174 0 0 0 1 1 1 0 0 0 0.005474 -66963.4016
EM 0.3204 0.2405 0.4391 0.1168 0 0 0 1 1 1 0 0 0 0.005498 -66962.0284
EM 0.3217 0.2381 0.4402 0.1164 0 0 0 1 1 1 0 0 0 0.005514 -66961.2568
EM 0.3228 0.2363 0.4409 0.1161 0 0 0 1 1 1 0 0 0 0.005525 -66960.799
EM 0.3238 0.2347 0.4415 0.116 0 0 0 1 1 1 0 0 0 0.005532 -66960.515
EM 0.3247 0.2335 0.4418 0.1159 0 0 0 1 1 1 0 0 0 0.005537 -66960.3327
EM 0.3254 0.2325 0.4421 0.1158 0 0 0 1 1 1 0 0 0 0.00554 -66960.2129
EM 0.326 0.2317 0.4423 0.1158 0 0 0 1 1 1 0 0 0 0.005542 -66960.1328
EM 0.3265 0.231 0.4425 0.1157 0 0 0 1 1 1 0 0 0 0.005543 -66960.0787
EM 0.3269 0.2304 0.4426 0.1157 0 0 0 1 1 1 0 0 0 0.005544 -66960.0418
EM 0.3273 0.23 0.4427 0.1157 0 0 0 1 1 1 0 0 0 0.005544 -66960.0165
EM 0.3276 0.2296 0.4428 0.1157 0 0 0 1 1 1 0 0 0 0.005545 -66959.999
EM 0.3278 0.2293 0.4429 0.1157 0 0 0 1 1 1 0 0 0 0.005545 -66959.9869
