mode time Mu[1,1] Mu[2,1] Mu[3,1] rho[1] PI[1,1,1] PI[2,1,1] PI[3,1,1] alpha[1,1] alpha[2,1] alpha[3,1] lambda[1] lambda[2] lambda[3] theta[1] loglikelihood
EM 0.3269 0.313 0.3601 0.1689 0 0 0 1 1 1 0 0 0 0.004381 -67908.882
EM 0.3227 0.2949 0.3824 0.1529 0 0 0 1 1 1 0 0 0 0.004627 -67572.0628
EM 0.3206 0.2794 0.4001 0.1414 0 0 0 1 1 1 0 0 0 0.004819 -67385.5982
EM 0.3201 0.2664 0.4135 0.1335 0 0 0 1 1 1 0 0 0 0.004977 -67288.8277
EM 0.3208 0.2559 0.4233 0.1282 0 0 0 1 1 1 0 0 0 0.005105 -67240.587
EM 0.3223 0.2475 0.4302 0.1246 0 0 0 1 1 1 0 0 0 0.005204 -67216.8987
EM 0.3242 0.2407 0.4351 0.1223 0 0 0 1 1 1 0 0 0 0.005277 -67205.1693
EM 0.3261 0.2354 0.4385 0.1208 0 0 0 1 1 1 0 0 0 0.005329 -67199.1942
EM 0.3281 0.2311 0.4408 0.1199 0 0 0 1 1 1 0 0 0 0.005365 -67196.0168
EM 0.3299 0.2277 0.4424 0.1192 0 0 0 1 1 1 0 0 0 0.005389 -67194.2403
EM 0.3315 0.2249 0.4436 0.1188 0 0 0 1 1 1 0 0 0 0.005406 -67193.1965
EM 0.3329 0.2227 0.4444 0.1186 0 0 0 1 1 1 0 0 0 0.005417 -67192.5563
EM 0.3341 0.2209 0.445 0.1184 0 0 0 1 1 1 0 0 0 0.005424 -67192.1501
EM 0.3351 0.2195 0.4454 0.1183 0 0 0 1 1 1 0 0 0 0.005429 -67191.8859
EM 0.336 0.2183 0.4457 0.1182 0 0 0 1 1 1 0 0 0 0.005432 -67191.711
EM 0.3367 0.2173 0.446 0.1182 0 0 0 1 1 1 0 0 0 0.005434 -67191.5938
EM 0.3373 0.2165 0.4462 0.1182 0 0 0 1 1 1 0 0 0 0.005436 -67191.5146
EM 0.3378 0.2158 0.4463 0.1181 0 0 0 1 1 1 0 0 0 0.005437 -67191.4608
EM 0.3383 0.2153 0.4464 0.1181 0 0 0 1 1 1 0 0 0 0.005437 -67191.424
EM 0.3386 0.2149 0.4465 0.1181 0 0 0 1 1 1 0 0 0 0.005438 -67191.3987
EM 0.3389 0.2145 0.4466 0.1181 0 0 0 1 1 1 0 0 0 0.005438 -67191.3812
EM 0.3391 0.2142 0.4466 0.1181 0 0 0 1 1 1 0 0 0 0.005438 -67191.3692
